Copyright 1986-2022 Xilinx, Inc. All Rights Reserved.
----------------------------------------------------------------------------------------------
| Tool Version : Vivado v.2022.1 (win64) Build 3526262 Mon Apr 18 15:48:16 MDT 2022
| Date         : Sun Dec 25 20:13:55 2022
| Host         : DESKTOP-8794FKT running 64-bit major release  (build 9200)
| Command      : report_control_sets -verbose -file servolar_kaydetme_control_sets_placed.rpt
| Design       : servolar_kaydetme
| Device       : xc7a35t
----------------------------------------------------------------------------------------------

Control Set Information

Table of Contents
-----------------
1. Summary
2. Histogram
3. Flip-Flop Distribution
4. Detailed Control Set Information

1. Summary
----------

+----------------------------------------------------------+-------+
|                          Status                          | Count |
+----------------------------------------------------------+-------+
| Total control sets                                       |    57 |
|    Minimum number of control sets                        |    57 |
|    Addition due to synthesis replication                 |     0 |
|    Addition due to physical synthesis replication        |     0 |
| Unused register locations in slices containing registers |   232 |
+----------------------------------------------------------+-------+
* Control sets can be merged at opt_design using control_set_merge or merge_equivalent_drivers
** Run report_qor_suggestions for automated merging and remapping suggestions


2. Histogram
------------

+--------------------+-------+
|       Fanout       | Count |
+--------------------+-------+
| Total control sets |    57 |
| >= 0 to < 4        |    24 |
| >= 4 to < 6        |     0 |
| >= 6 to < 8        |    16 |
| >= 8 to < 10       |     0 |
| >= 10 to < 12      |     8 |
| >= 12 to < 14      |     0 |
| >= 14 to < 16      |     0 |
| >= 16              |     9 |
+--------------------+-------+
* Control sets can be remapped at either synth_design or opt_design


3. Flip-Flop Distribution
-------------------------

+--------------+-----------------------+------------------------+-----------------+--------------+
| Clock Enable | Synchronous Set/Reset | Asynchronous Set/Reset | Total Registers | Total Slices |
+--------------+-----------------------+------------------------+-----------------+--------------+
| No           | No                    | No                     |               0 |            0 |
| No           | No                    | Yes                    |            1416 |          462 |
| No           | Yes                   | No                     |               8 |            8 |
| Yes          | No                    | No                     |               0 |            0 |
| Yes          | No                    | Yes                    |              56 |           27 |
| Yes          | Yes                   | No                     |               0 |            0 |
+--------------+-----------------------+------------------------+-----------------+--------------+


4. Detailed Control Set Information
-----------------------------------

+-----------------------------------------------------------+-----------------------------------------------+----------------------------------------------------------+------------------+----------------+--------------+
|                        Clock Signal                       |                 Enable Signal                 |                     Set/Reset Signal                     | Slice Load Count | Bel Load Count | Bels / Slice |
+-----------------------------------------------------------+-----------------------------------------------+----------------------------------------------------------+------------------+----------------+--------------+
|  third/servoyu_outputa_map/mutlu_son_reg_LDC_i_1__1_n_0   |                                               | third/servoyu_outputa_map/mutlu_son_reg_LDC_i_2__1_n_0   |                1 |              1 |         1.00 |
|  temporal_6                                               |                                               | parmak3/servoyu_outputa_map/mutlu_son_reg_LDC_i_2__6_n_0 |                1 |              1 |         1.00 |
|  five/servoyu_outputa_map/mutlu_son_reg_LDC_i_1__3_n_0    |                                               | five/servoyu_outputa_map/mutlu_son_reg_LDC_i_2__3_n_0    |                1 |              1 |         1.00 |
|  temporal_0                                               |                                               | second/servoyu_outputa_map/mutlu_son_reg_LDC_i_2__0_n_0  |                1 |              1 |         1.00 |
|  temporal_0                                               |                                               | second/servoyu_outputa_map/mutlu_son_reg_LDC_i_1__0_n_0  |                1 |              1 |         1.00 |
|  second/servoyu_outputa_map/mutlu_son_reg_LDC_i_1__0_n_0  |                                               | second/servoyu_outputa_map/mutlu_son_reg_LDC_i_2__0_n_0  |                1 |              1 |         1.00 |
|  temporal_6                                               |                                               | parmak3/servoyu_outputa_map/mutlu_son_reg_LDC_i_1__6_n_0 |                1 |              1 |         1.00 |
|  forth/servoyu_outputa_map/mutlu_son_reg_LDC_i_1__2_n_0   |                                               | forth/servoyu_outputa_map/mutlu_son_reg_LDC_i_2__2_n_0   |                1 |              1 |         1.00 |
|  parmak1/servoyu_outputa_map/mutlu_son_reg_LDC_i_1__4_n_0 |                                               | parmak1/servoyu_outputa_map/mutlu_son_reg_LDC_i_2__4_n_0 |                1 |              1 |         1.00 |
|  temporal_5                                               |                                               | parmak2/servoyu_outputa_map/mutlu_son_reg_LDC_i_1__5_n_0 |                1 |              1 |         1.00 |
|  parmak2/servoyu_outputa_map/mutlu_son_reg_LDC_i_1__5_n_0 |                                               | parmak2/servoyu_outputa_map/mutlu_son_reg_LDC_i_2__5_n_0 |                1 |              1 |         1.00 |
|  temporal_5                                               |                                               | parmak2/servoyu_outputa_map/mutlu_son_reg_LDC_i_2__5_n_0 |                1 |              1 |         1.00 |
|  parmak3/servoyu_outputa_map/mutlu_son_reg_LDC_i_1__6_n_0 |                                               | parmak3/servoyu_outputa_map/mutlu_son_reg_LDC_i_2__6_n_0 |                1 |              1 |         1.00 |
|  temporal_4                                               |                                               | parmak1/servoyu_outputa_map/mutlu_son_reg_LDC_i_1__4_n_0 |                1 |              1 |         1.00 |
|  temporal_1                                               |                                               | third/servoyu_outputa_map/mutlu_son_reg_LDC_i_1__1_n_0   |                1 |              1 |         1.00 |
|  temporal_1                                               |                                               | third/servoyu_outputa_map/mutlu_son_reg_LDC_i_2__1_n_0   |                1 |              1 |         1.00 |
|  temporal                                                 |                                               | first/servoyu_outputa_map/mutlu_son_reg_LDC_i_1_n_0      |                1 |              1 |         1.00 |
|  temporal_4                                               |                                               | parmak1/servoyu_outputa_map/mutlu_son_reg_LDC_i_2__4_n_0 |                1 |              1 |         1.00 |
|  temporal_3                                               |                                               | five/servoyu_outputa_map/mutlu_son_reg_LDC_i_1__3_n_0    |                1 |              1 |         1.00 |
|  temporal_2                                               |                                               | forth/servoyu_outputa_map/mutlu_son_reg_LDC_i_1__2_n_0   |                1 |              1 |         1.00 |
|  temporal                                                 |                                               | first/servoyu_outputa_map/mutlu_son_reg_LDC_i_2_n_0      |                1 |              1 |         1.00 |
|  temporal_2                                               |                                               | forth/servoyu_outputa_map/mutlu_son_reg_LDC_i_2__2_n_0   |                1 |              1 |         1.00 |
|  temporal_3                                               |                                               | five/servoyu_outputa_map/mutlu_son_reg_LDC_i_2__3_n_0    |                1 |              1 |         1.00 |
|  first/servoyu_outputa_map/mutlu_son_reg_LDC_i_1_n_0      |                                               | first/servoyu_outputa_map/mutlu_son_reg_LDC_i_2_n_0      |                1 |              1 |         1.00 |
|  temporal_1                                               | third/oynat_bakalim_map/kaydetme1_map/index   | clear_IBUF                                               |                3 |              7 |         2.33 |
|  temporal_2                                               |                                               | forth/servoyu_outputa_map/index2[6]_i_2__2_n_0           |                3 |              7 |         2.33 |
|  temporal_2                                               | forth/oynat_bakalim_map/kaydetme1_map/index   | clear_IBUF                                               |                3 |              7 |         2.33 |
|  temporal                                                 |                                               | first/servoyu_outputa_map/index2[6]_i_2_n_0              |                3 |              7 |         2.33 |
|  temporal                                                 | first/oynat_bakalim_map/kaydetme1_map/index   | clear_IBUF                                               |                4 |              7 |         1.75 |
|  temporal_3                                               |                                               | five/servoyu_outputa_map/index2[6]_i_2__3_n_0            |                2 |              7 |         3.50 |
|  temporal_3                                               | five/oynat_bakalim_map/kaydetme1_map/index    | clear_IBUF                                               |                2 |              7 |         3.50 |
|  temporal_4                                               |                                               | parmak1/servoyu_outputa_map/index2[6]_i_2__4_n_0         |                2 |              7 |         3.50 |
|  temporal_4                                               | parmak1/oynat_bakalim_map/kaydetme1_map/index | clear_IBUF                                               |                4 |              7 |         1.75 |
|  temporal_5                                               |                                               | parmak2/servoyu_outputa_map/index2[6]_i_2__5_n_0         |                3 |              7 |         2.33 |
|  temporal_5                                               | parmak2/oynat_bakalim_map/kaydetme1_map/index | clear_IBUF                                               |                3 |              7 |         2.33 |
|  temporal_0                                               |                                               | second/servoyu_outputa_map/index2[6]_i_2__0_n_0          |                3 |              7 |         2.33 |
|  temporal_0                                               | second/oynat_bakalim_map/kaydetme1_map/index  | clear_IBUF                                               |                5 |              7 |         1.40 |
|  temporal_6                                               |                                               | parmak3/servoyu_outputa_map/index2[6]_i_2__6_n_0         |                4 |              7 |         1.75 |
|  temporal_6                                               | parmak3/oynat_bakalim_map/kaydetme1_map/index | clear_IBUF                                               |                3 |              7 |         2.33 |
|  temporal_1                                               |                                               | third/servoyu_outputa_map/index2[6]_i_2__1_n_0           |                2 |              7 |         3.50 |
|  parmak3/frequency_divider_map/CLK                        |                                               | clear_IBUF                                               |                3 |             11 |         3.67 |
|  parmak2/frequency_divider_map/CLK                        |                                               | clear_IBUF                                               |                3 |             11 |         3.67 |
|  third/frequency_divider_map/CLK                          |                                               | clear_IBUF                                               |                4 |             11 |         2.75 |
|  second/frequency_divider_map/CLK                         |                                               | clear_IBUF                                               |                4 |             11 |         2.75 |
|  forth/frequency_divider_map/CLK                          |                                               | clear_IBUF                                               |                3 |             11 |         3.67 |
|  first/frequency_divider_map/CLK                          |                                               | clear_IBUF                                               |                4 |             11 |         2.75 |
|  parmak1/frequency_divider_map/CLK                        |                                               | clear_IBUF                                               |                3 |             11 |         3.67 |
|  five/frequency_divider_map/CLK                           |                                               | clear_IBUF                                               |                4 |             11 |         2.75 |
|  temporal_1                                               |                                               | clear_IBUF                                               |               37 |            119 |         3.22 |
|  temporal_2                                               |                                               | clear_IBUF                                               |               35 |            119 |         3.40 |
|  temporal_0                                               |                                               | clear_IBUF                                               |               40 |            119 |         2.97 |
|  temporal_4                                               |                                               | clear_IBUF                                               |               37 |            119 |         3.22 |
|  temporal_6                                               |                                               | clear_IBUF                                               |               34 |            119 |         3.50 |
|  temporal_3                                               |                                               | clear_IBUF                                               |               38 |            119 |         3.13 |
|  temporal                                                 |                                               | clear_IBUF                                               |               35 |            119 |         3.40 |
|  temporal_5                                               |                                               | clear_IBUF                                               |               39 |            119 |         3.05 |
|  clk_IBUF_BUFG                                            |                                               | clear_IBUF                                               |              101 |            304 |         3.01 |
+-----------------------------------------------------------+-----------------------------------------------+----------------------------------------------------------+------------------+----------------+--------------+


